2024-06-20 12:10:43.348 [info] Log level: Info
2024-06-20 12:10:43.348 [info] Validating found git in: "git"
2024-06-20 12:10:43.348 [info] Using git "2.34.1" from "git"
2024-06-20 12:10:43.348 [info] > git rev-parse --show-toplevel [4ms]
2024-06-20 12:10:43.348 [info] fatal: not a git repository (or any of the parent directories): .git
2024-06-20 12:10:43.348 [info] > git rev-parse --show-toplevel [14ms]
2024-06-20 12:10:43.348 [info] fatal: not a git repository (or any of the parent directories): .git
2024-06-20 12:10:43.348 [info] > git rev-parse --show-toplevel [1ms]
2024-06-20 12:10:43.348 [info] fatal: not a git repository (or any of the parent directories): .git
2024-06-20 12:10:43.350 [info] > git rev-parse --show-toplevel [1ms]
2024-06-20 12:10:43.350 [info] fatal: not a git repository (or any of the parent directories): .git
2024-06-20 12:10:46.065 [info] > git rev-parse --show-toplevel [1ms]
2024-06-20 12:10:46.065 [info] fatal: not a git repository (or any of the parent directories): .git
2024-06-20 12:14:16.638 [info] > git rev-parse --show-toplevel [12ms]
2024-06-20 12:14:16.639 [info] fatal: not a git repository (or any of the parent directories): .git
2024-06-20 12:17:12.037 [info] > git rev-parse --show-toplevel [1ms]
2024-06-20 12:17:12.037 [info] fatal: not a git repository (or any of the parent directories): .git
2024-06-20 12:18:40.385 [info] > git rev-parse --show-toplevel [4ms]
2024-06-20 12:18:40.385 [info] fatal: not a git repository (or any of the parent directories): .git
2024-06-20 12:18:46.416 [info] > git rev-parse --show-toplevel [1ms]
2024-06-20 12:18:46.416 [info] fatal: not a git repository (or any of the parent directories): .git
2024-06-20 12:18:50.338 [info] > git rev-parse --show-toplevel [1ms]
2024-06-20 12:18:50.338 [info] fatal: not a git repository (or any of the parent directories): .git
